<?xml version="1.0" encoding="UTF-8"?>
<coverage generated="1784878026219" clover="3.2.0">
  <project timestamp="1784878026219" name="All files">
    <metrics statements="42" coveredstatements="42" conditionals="26" coveredconditionals="23" methods="16" coveredmethods="16" elements="84" coveredelements="81" complexity="0" loc="42" ncloc="42" packages="1" files="2" classes="2"/>
    <file name="WishlistCreate.tsx" path="D:\wishlist-widget\wishlist-widget\src\components\WishlistCreate.tsx">
      <metrics statements="22" coveredstatements="22" conditionals="8" coveredconditionals="6" methods="10" coveredmethods="10"/>
      <line num="16" count="1" type="stmt"/>
      <line num="17" count="57" type="stmt"/>
      <line num="18" count="57" type="stmt"/>
      <line num="19" count="57" type="stmt"/>
      <line num="21" count="57" type="cond" truecount="1" falsecount="1"/>
      <line num="22" count="57" type="stmt"/>
      <line num="26" count="4" type="stmt"/>
      <line num="32" count="57" type="stmt"/>
      <line num="34" count="4" type="stmt"/>
      <line num="42" count="2" type="stmt"/>
      <line num="45" count="1" type="stmt"/>
      <line num="46" count="1" type="stmt"/>
      <line num="47" count="1" type="stmt"/>
      <line num="50" count="1" type="stmt"/>
      <line num="53" count="3" type="stmt"/>
      <line num="60" count="57" type="stmt"/>
      <line num="61" count="4" type="stmt"/>
      <line num="67" count="57" type="stmt"/>
      <line num="71" count="9" type="stmt"/>
      <line num="78" count="1" type="stmt"/>
      <line num="80" count="1" type="stmt"/>
      <line num="90" count="35" type="stmt"/>
    </file>
    <file name="WishlistList.tsx" path="D:\wishlist-widget\wishlist-widget\src\components\WishlistList.tsx">
      <metrics statements="20" coveredstatements="20" conditionals="18" coveredconditionals="17" methods="6" coveredmethods="6"/>
      <line num="16" count="1" type="stmt"/>
      <line num="22" count="10" type="cond" truecount="1" falsecount="1"/>
      <line num="24" count="10" type="stmt"/>
      <line num="25" count="5" type="stmt"/>
      <line num="33" count="5" type="cond" truecount="2" falsecount="0"/>
      <line num="34" count="1" type="stmt"/>
      <line num="37" count="4" type="stmt"/>
      <line num="40" count="10" type="stmt"/>
      <line num="42" count="5" type="stmt"/>
      <line num="46" count="10" type="cond" truecount="2" falsecount="0"/>
      <line num="51" count="10" type="stmt"/>
      <line num="52" count="10" type="cond" truecount="4" falsecount="0"/>
      <line num="53" count="2" type="stmt"/>
      <line num="58" count="10" type="stmt"/>
      <line num="59" count="10" type="stmt"/>
      <line num="62" count="10" type="cond" truecount="2" falsecount="0"/>
      <line num="63" count="1" type="stmt"/>
      <line num="66" count="9" type="cond" truecount="4" falsecount="0"/>
      <line num="67" count="1" type="stmt"/>
      <line num="75" count="8" type="stmt"/>
    </file>
  </project>
</coverage>
