{"D:\\wishlist-widget\\wishlist-widget\\src\\components\\WishlistCreate.tsx": {"path":"D:\\wishlist-widget\\wishlist-widget\\src\\components\\WishlistCreate.tsx","statementMap":{"0":{"start":{"line":16,"column":6},"end":{"line":108,"column":null}},"1":{"start":{"line":17,"column":32},"end":{"line":17,"column":null}},"2":{"start":{"line":18,"column":44},"end":{"line":18,"column":null}},"3":{"start":{"line":19,"column":24},"end":{"line":19,"column":39}},"4":{"start":{"line":21,"column":8},"end":{"line":21,"column":null}},"5":{"start":{"line":22,"column":10},"end":{"line":31,"column":null}},"6":{"start":{"line":26,"column":8},"end":{"line":30,"column":null}},"7":{"start":{"line":32,"column":34},"end":{"line":54,"column":null}},"8":{"start":{"line":34,"column":29},"end":{"line":37,"column":null}},"9":{"start":{"line":38,"column":12},"end":{"line":38,"column":null}},"10":{"start":{"line":41,"column":12},"end":{"line":41,"column":null}},"11":{"start":{"line":42,"column":12},"end":{"line":42,"column":null}},"12":{"start":{"line":43,"column":12},"end":{"line":45,"column":null}},"13":{"start":{"line":46,"column":12},"end":{"line":46,"column":null}},"14":{"start":{"line":49,"column":12},"end":{"line":52,"column":null}},"15":{"start":{"line":56,"column":10},"end":{"line":61,"column":null}},"16":{"start":{"line":57,"column":8},"end":{"line":60,"column":null}},"17":{"start":{"line":63,"column":4},"end":{"line":106,"column":null}},"18":{"start":{"line":67,"column":31},"end":{"line":67,"column":null}},"19":{"start":{"line":74,"column":31},"end":{"line":74,"column":null}},"20":{"start":{"line":76,"column":44},"end":{"line":76,"column":62}},"21":{"start":{"line":86,"column":41},"end":{"line":86,"column":null}}},"fnMap":{"0":{"name":"(anonymous_0)","decl":{"start":{"line":16,"column":6},"end":{"line":16,"column":29}},"loc":{"start":{"line":16,"column":29},"end":{"line":108,"column":null}},"line":16},"1":{"name":"(anonymous_1)","decl":{"start":{"line":22,"column":10},"end":{"line":22,"column":null}},"loc":{"start":{"line":25,"column":9},"end":{"line":31,"column":null}},"line":25},"2":{"name":"(anonymous_2)","decl":{"start":{"line":33,"column":20},"end":{"line":33,"column":27}},"loc":{"start":{"line":33,"column":73},"end":{"line":39,"column":null}},"line":33},"3":{"name":"(anonymous_3)","decl":{"start":{"line":40,"column":8},"end":{"line":40,"column":25}},"loc":{"start":{"line":40,"column":25},"end":{"line":47,"column":null}},"line":40},"4":{"name":"(anonymous_4)","decl":{"start":{"line":48,"column":8},"end":{"line":48,"column":18}},"loc":{"start":{"line":48,"column":55},"end":{"line":53,"column":null}},"line":48},"5":{"name":"(anonymous_5)","decl":{"start":{"line":56,"column":10},"end":{"line":56,"column":31}},"loc":{"start":{"line":56,"column":31},"end":{"line":61,"column":null}},"line":56},"6":{"name":"(anonymous_6)","decl":{"start":{"line":67,"column":16},"end":{"line":67,"column":31}},"loc":{"start":{"line":67,"column":31},"end":{"line":67,"column":null}},"line":67},"7":{"name":"(anonymous_7)","decl":{"start":{"line":74,"column":16},"end":{"line":74,"column":31}},"loc":{"start":{"line":74,"column":31},"end":{"line":74,"column":null}},"line":74},"8":{"name":"(anonymous_8)","decl":{"start":{"line":76,"column":29},"end":{"line":76,"column":44}},"loc":{"start":{"line":76,"column":44},"end":{"line":76,"column":62}},"line":76},"9":{"name":"(anonymous_9)","decl":{"start":{"line":86,"column":24},"end":{"line":86,"column":35}},"loc":{"start":{"line":86,"column":41},"end":{"line":86,"column":null}},"line":86}},"branchMap":{"0":{"loc":{"start":{"line":21,"column":8},"end":{"line":21,"column":null}},"type":"binary-expr","locations":[{"start":{"line":21,"column":8},"end":{"line":21,"column":38}},{"start":{"line":21,"column":38},"end":{"line":21,"column":null}}],"line":21},"1":{"loc":{"start":{"line":50,"column":16},"end":{"line":50,"column":null}},"type":"binary-expr","locations":[{"start":{"line":50,"column":16},"end":{"line":50,"column":49}},{"start":{"line":50,"column":49},"end":{"line":50,"column":null}}],"line":50},"2":{"loc":{"start":{"line":91,"column":34},"end":{"line":91,"column":null}},"type":"binary-expr","locations":[{"start":{"line":91,"column":34},"end":{"line":91,"column":58}},{"start":{"line":91,"column":58},"end":{"line":91,"column":null}}],"line":91},"3":{"loc":{"start":{"line":93,"column":25},"end":{"line":93,"column":null}},"type":"cond-expr","locations":[{"start":{"line":93,"column":37},"end":{"line":93,"column":53}},{"start":{"line":93,"column":53},"end":{"line":93,"column":null}}],"line":93}},"s":{"0":1,"1":57,"2":57,"3":57,"4":57,"5":57,"6":4,"7":57,"8":4,"9":2,"10":1,"11":1,"12":1,"13":1,"14":3,"15":57,"16":4,"17":57,"18":9,"19":1,"20":1,"21":35},"f":{"0":57,"1":4,"2":4,"3":1,"4":3,"5":4,"6":9,"7":1,"8":1,"9":35},"b":{"0":[57,0],"1":[3,2],"2":[57,33],"3":[0,57]},"meta":{"lastBranch":4,"lastFunction":10,"lastStatement":22,"seen":{"s:16:6:108:Infinity":0,"f:16:6:16:29":0,"s:17:32:17:Infinity":1,"s:18:44:18:Infinity":2,"s:19:24:19:39":3,"s:21:8:21:Infinity":4,"b:21:8:21:38:21:38:21:Infinity":0,"s:22:10:31:Infinity":5,"f:22:10:22:Infinity":1,"s:26:8:30:Infinity":6,"s:32:34:54:Infinity":7,"f:33:20:33:27":2,"s:34:29:37:Infinity":8,"s:38:12:38:Infinity":9,"f:40:8:40:25":3,"s:41:12:41:Infinity":10,"s:42:12:42:Infinity":11,"s:43:12:45:Infinity":12,"s:46:12:46:Infinity":13,"f:48:8:48:18":4,"s:49:12:52:Infinity":14,"b:50:16:50:49:50:49:50:Infinity":1,"s:56:10:61:Infinity":15,"f:56:10:56:31":5,"s:57:8:60:Infinity":16,"s:63:4:106:Infinity":17,"f:67:16:67:31":6,"s:67:31:67:Infinity":18,"f:74:16:74:31":7,"s:74:31:74:Infinity":19,"f:76:29:76:44":8,"s:76:44:76:62":20,"f:86:24:86:35":9,"s:86:41:86:Infinity":21,"b:91:34:91:58:91:58:91:Infinity":2,"b:93:37:93:53:93:53:93:Infinity":3},"fnNames":{}}}
,"D:\\wishlist-widget\\wishlist-widget\\src\\components\\WishlistList.tsx": {"path":"D:\\wishlist-widget\\wishlist-widget\\src\\components\\WishlistList.tsx","statementMap":{"0":{"start":{"line":16,"column":6},"end":{"line":88,"column":null}},"1":{"start":{"line":22,"column":4},"end":{"line":22,"column":null}},"2":{"start":{"line":24,"column":25},"end":{"line":34,"column":null}},"3":{"start":{"line":25,"column":21},"end":{"line":27,"column":null}},"4":{"start":{"line":29,"column":4},"end":{"line":31,"column":null}},"5":{"start":{"line":30,"column":6},"end":{"line":30,"column":null}},"6":{"start":{"line":33,"column":4},"end":{"line":33,"column":null}},"7":{"start":{"line":36,"column":37},"end":{"line":39,"column":null}},"8":{"start":{"line":38,"column":19},"end":{"line":38,"column":null}},"9":{"start":{"line":42,"column":4},"end":{"line":45,"column":null}},"10":{"start":{"line":42,"column":41},"end":{"line":45,"column":6}},"11":{"start":{"line":47,"column":2},"end":{"line":51,"column":null}},"12":{"start":{"line":48,"column":4},"end":{"line":50,"column":null}},"13":{"start":{"line":49,"column":6},"end":{"line":49,"column":null}},"14":{"start":{"line":54,"column":2},"end":{"line":56,"column":null}},"15":{"start":{"line":55,"column":4},"end":{"line":55,"column":null}},"16":{"start":{"line":58,"column":2},"end":{"line":60,"column":null}},"17":{"start":{"line":59,"column":4},"end":{"line":59,"column":null}},"18":{"start":{"line":62,"column":2},"end":{"line":70,"column":null}},"19":{"start":{"line":63,"column":2},"end":{"line":68,"column":null}},"20":{"start":{"line":71,"column":2},"end":{"line":86,"column":null}}},"fnMap":{"0":{"name":"(anonymous_0)","decl":{"start":{"line":16,"column":6},"end":{"line":16,"column":22}},"loc":{"start":{"line":20,"column":13},"end":{"line":88,"column":null}},"line":20},"1":{"name":"(anonymous_1)","decl":{"start":{"line":24,"column":25},"end":{"line":24,"column":32}},"loc":{"start":{"line":24,"column":51},"end":{"line":34,"column":null}},"line":24},"2":{"name":"(anonymous_2)","decl":{"start":{"line":38,"column":4},"end":{"line":38,"column":19}},"loc":{"start":{"line":38,"column":19},"end":{"line":38,"column":null}},"line":38},"3":{"name":"(anonymous_3)","decl":{"start":{"line":42,"column":16},"end":{"line":42,"column":21}},"loc":{"start":{"line":42,"column":41},"end":{"line":45,"column":6}},"line":42},"4":{"name":"(anonymous_4)","decl":{"start":{"line":47,"column":2},"end":{"line":47,"column":18}},"loc":{"start":{"line":47,"column":18},"end":{"line":51,"column":5}},"line":47},"5":{"name":"(anonymous_5)","decl":{"start":{"line":54,"column":2},"end":{"line":54,"column":18}},"loc":{"start":{"line":54,"column":18},"end":{"line":56,"column":5}},"line":54}},"branchMap":{"0":{"loc":{"start":{"line":22,"column":4},"end":{"line":22,"column":null}},"type":"binary-expr","locations":[{"start":{"line":22,"column":4},"end":{"line":22,"column":34}},{"start":{"line":22,"column":34},"end":{"line":22,"column":null}}],"line":22},"1":{"loc":{"start":{"line":29,"column":4},"end":{"line":31,"column":null}},"type":"if","locations":[{"start":{"line":29,"column":4},"end":{"line":31,"column":null}},{"start":{},"end":{}}],"line":29},"2":{"loc":{"start":{"line":42,"column":4},"end":{"line":45,"column":null}},"type":"binary-expr","locations":[{"start":{"line":42,"column":4},"end":{"line":45,"column":11}},{"start":{"line":45,"column":11},"end":{"line":45,"column":null}}],"line":42},"3":{"loc":{"start":{"line":48,"column":4},"end":{"line":50,"column":null}},"type":"if","locations":[{"start":{"line":48,"column":4},"end":{"line":50,"column":null}},{"start":{},"end":{}}],"line":48},"4":{"loc":{"start":{"line":48,"column":8},"end":{"line":48,"column":45}},"type":"binary-expr","locations":[{"start":{"line":48,"column":8},"end":{"line":48,"column":29}},{"start":{"line":48,"column":29},"end":{"line":48,"column":45}}],"line":48},"5":{"loc":{"start":{"line":58,"column":2},"end":{"line":60,"column":null}},"type":"if","locations":[{"start":{"line":58,"column":2},"end":{"line":60,"column":null}},{"start":{},"end":{}}],"line":58},"6":{"loc":{"start":{"line":62,"column":2},"end":{"line":70,"column":null}},"type":"if","locations":[{"start":{"line":62,"column":2},"end":{"line":70,"column":null}},{"start":{},"end":{}}],"line":62},"7":{"loc":{"start":{"line":62,"column":6},"end":{"line":62,"column":42}},"type":"binary-expr","locations":[{"start":{"line":62,"column":6},"end":{"line":62,"column":20}},{"start":{"line":62,"column":20},"end":{"line":62,"column":42}}],"line":62},"8":{"loc":{"start":{"line":73,"column":7},"end":{"line":84,"column":null}},"type":"cond-expr","locations":[{"start":{"line":74,"column":8},"end":{"line":78,"column":9}},{"start":{"line":78,"column":8},"end":{"line":84,"column":null}}],"line":73}},"s":{"0":1,"1":10,"2":10,"3":5,"4":5,"5":1,"6":4,"7":10,"8":5,"9":10,"10":5,"11":10,"12":10,"13":2,"14":10,"15":10,"16":10,"17":1,"18":9,"19":1,"20":8},"f":{"0":10,"1":5,"2":5,"3":5,"4":10,"5":10},"b":{"0":[10,0],"1":[1,4],"2":[10,6],"3":[2,8],"4":[10,8],"5":[1,9],"6":[1,8],"7":[9,4],"8":[5,3]},"meta":{"lastBranch":9,"lastFunction":6,"lastStatement":21,"seen":{"s:16:6:88:Infinity":0,"f:16:6:16:22":0,"s:22:4:22:Infinity":1,"b:22:4:22:34:22:34:22:Infinity":0,"s:24:25:34:Infinity":2,"f:24:25:24:32":1,"s:25:21:27:Infinity":3,"b:29:4:31:Infinity:undefined:undefined:undefined:undefined":1,"s:29:4:31:Infinity":4,"s:30:6:30:Infinity":5,"s:33:4:33:Infinity":6,"s:36:37:39:Infinity":7,"f:38:4:38:19":2,"s:38:19:38:Infinity":8,"s:42:4:45:Infinity":9,"b:42:4:45:11:45:11:45:Infinity":2,"f:42:16:42:21":3,"s:42:41:45:6":10,"s:47:2:51:Infinity":11,"f:47:2:47:18":4,"b:48:4:50:Infinity:undefined:undefined:undefined:undefined":3,"s:48:4:50:Infinity":12,"b:48:8:48:29:48:29:48:45":4,"s:49:6:49:Infinity":13,"s:54:2:56:Infinity":14,"f:54:2:54:18":5,"s:55:4:55:Infinity":15,"b:58:2:60:Infinity:undefined:undefined:undefined:undefined":5,"s:58:2:60:Infinity":16,"s:59:4:59:Infinity":17,"b:62:2:70:Infinity:undefined:undefined:undefined:undefined":6,"s:62:2:70:Infinity":18,"b:62:6:62:20:62:20:62:42":7,"s:63:2:68:Infinity":19,"s:71:2:86:Infinity":20,"b:74:8:78:9:78:8:84:Infinity":8},"fnNames":{}}}
}
